<?xml version="1.0" encoding="UTF-8"?>
<testsuite xmlns:xsi="http://www.w3.org/2001/XMLSchema-instance" xsi:noNamespaceSchemaLocation="https://maven.apache.org/surefire/maven-surefire-plugin/xsd/surefire-test-report-3.0.xsd" version="3.0" name="ContadorTest" time="0.058" tests="3" errors="0" skipped="0" failures="0">
  <properties>
    <property name="java.specification.version" value="21"/>
    <property name="sun.cpu.isalist" value="amd64"/>
    <property name="sun.jnu.encoding" value="Cp1252"/>
    <property name="java.class.path" value="C:\Users\Chris\Documents\estudosProjetos\DesafioControleFluxo\target\test-classes;C:\Users\Chris\Documents\estudosProjetos\DesafioControleFluxo\target\classes;C:\Users\Chris\.m2\repository\org\junit\jupiter\junit-jupiter-api\5.7.1\junit-jupiter-api-5.7.1.jar;C:\Users\Chris\.m2\repository\org\apiguardian\apiguardian-api\1.1.0\apiguardian-api-1.1.0.jar;C:\Users\Chris\.m2\repository\org\opentest4j\opentest4j\1.2.0\opentest4j-1.2.0.jar;C:\Users\Chris\.m2\repository\org\junit\platform\junit-platform-commons\1.7.1\junit-platform-commons-1.7.1.jar;C:\Users\Chris\.m2\repository\io\jsonwebtoken\jjwt\0.7.0\jjwt-0.7.0.jar;C:\Users\Chris\.m2\repository\com\fasterxml\jackson\core\jackson-databind\2.8.2\jackson-databind-2.8.2.jar;C:\Users\Chris\.m2\repository\com\fasterxml\jackson\core\jackson-annotations\2.8.0\jackson-annotations-2.8.0.jar;C:\Users\Chris\.m2\repository\com\fasterxml\jackson\core\jackson-core\2.8.2\jackson-core-2.8.2.jar;C:\Users\Chris\.m2\repository\io\springfox\springfox-swagger2\2.9.2\springfox-swagger2-2.9.2.jar;C:\Users\Chris\.m2\repository\io\swagger\swagger-annotations\1.5.20\swagger-annotations-1.5.20.jar;C:\Users\Chris\.m2\repository\io\swagger\swagger-models\1.5.20\swagger-models-1.5.20.jar;C:\Users\Chris\.m2\repository\io\springfox\springfox-spi\2.9.2\springfox-spi-2.9.2.jar;C:\Users\Chris\.m2\repository\io\springfox\springfox-core\2.9.2\springfox-core-2.9.2.jar;C:\Users\Chris\.m2\repository\net\bytebuddy\byte-buddy\1.8.12\byte-buddy-1.8.12.jar;C:\Users\Chris\.m2\repository\io\springfox\springfox-schema\2.9.2\springfox-schema-2.9.2.jar;C:\Users\Chris\.m2\repository\io\springfox\springfox-swagger-common\2.9.2\springfox-swagger-common-2.9.2.jar;C:\Users\Chris\.m2\repository\io\springfox\springfox-spring-web\2.9.2\springfox-spring-web-2.9.2.jar;C:\Users\Chris\.m2\repository\com\google\guava\guava\20.0\guava-20.0.jar;C:\Users\Chris\.m2\repository\com\fasterxml\classmate\1.4.0\classmate-1.4.0.jar;C:\Users\Chris\.m2\repository\org\slf4j\slf4j-api\1.7.25\slf4j-api-1.7.25.jar;C:\Users\Chris\.m2\repository\org\springframework\plugin\spring-plugin-core\1.2.0.RELEASE\spring-plugin-core-1.2.0.RELEASE.jar;C:\Users\Chris\.m2\repository\org\springframework\spring-beans\4.0.9.RELEASE\spring-beans-4.0.9.RELEASE.jar;C:\Users\Chris\.m2\repository\org\springframework\spring-core\4.0.9.RELEASE\spring-core-4.0.9.RELEASE.jar;C:\Users\Chris\.m2\repository\org\springframework\spring-context\4.0.9.RELEASE\spring-context-4.0.9.RELEASE.jar;C:\Users\Chris\.m2\repository\org\springframework\spring-expression\4.0.9.RELEASE\spring-expression-4.0.9.RELEASE.jar;C:\Users\Chris\.m2\repository\org\springframework\spring-aop\4.0.9.RELEASE\spring-aop-4.0.9.RELEASE.jar;C:\Users\Chris\.m2\repository\aopalliance\aopalliance\1.0\aopalliance-1.0.jar;C:\Users\Chris\.m2\repository\org\springframework\plugin\spring-plugin-metadata\1.2.0.RELEASE\spring-plugin-metadata-1.2.0.RELEASE.jar;C:\Users\Chris\.m2\repository\org\mapstruct\mapstruct\1.2.0.Final\mapstruct-1.2.0.Final.jar;C:\Users\Chris\.m2\repository\io\springfox\springfox-swagger-ui\2.9.2\springfox-swagger-ui-2.9.2.jar;"/>
    <property name="java.vm.vendor" value="Oracle Corporation"/>
    <property name="sun.arch.data.model" value="64"/>
    <property name="user.variant" value=""/>
    <property name="java.vendor.url" value="https://java.oracle.com/"/>
    <property name="user.timezone" value="Europe/Lisbon"/>
    <property name="os.name" value="Windows 11"/>
    <property name="java.vm.specification.version" value="21"/>
    <property name="user.country" value="PT"/>
    <property name="sun.java.launcher" value="SUN_STANDARD"/>
    <property name="sun.boot.library.path" value="C:\Program Files\Java\jdk-21\bin"/>
    <property name="sun.java.command" value="C:\Users\Chris\AppData\Local\Temp\surefire8583335711831987935\surefirebooter-20240514165937937_3.jar C:\Users\Chris\AppData\Local\Temp\surefire8583335711831987935 2024-05-14T16-59-37_751-jvmRun1 surefire-20240514165937937_1tmp surefire_0-20240514165937937_2tmp"/>
    <property name="jdk.debug" value="release"/>
    <property name="test" value="ContadorTest"/>
    <property name="surefire.test.class.path" value="C:\Users\Chris\Documents\estudosProjetos\DesafioControleFluxo\target\test-classes;C:\Users\Chris\Documents\estudosProjetos\DesafioControleFluxo\target\classes;C:\Users\Chris\.m2\repository\org\junit\jupiter\junit-jupiter-api\5.7.1\junit-jupiter-api-5.7.1.jar;C:\Users\Chris\.m2\repository\org\apiguardian\apiguardian-api\1.1.0\apiguardian-api-1.1.0.jar;C:\Users\Chris\.m2\repository\org\opentest4j\opentest4j\1.2.0\opentest4j-1.2.0.jar;C:\Users\Chris\.m2\repository\org\junit\platform\junit-platform-commons\1.7.1\junit-platform-commons-1.7.1.jar;C:\Users\Chris\.m2\repository\io\jsonwebtoken\jjwt\0.7.0\jjwt-0.7.0.jar;C:\Users\Chris\.m2\repository\com\fasterxml\jackson\core\jackson-databind\2.8.2\jackson-databind-2.8.2.jar;C:\Users\Chris\.m2\repository\com\fasterxml\jackson\core\jackson-annotations\2.8.0\jackson-annotations-2.8.0.jar;C:\Users\Chris\.m2\repository\com\fasterxml\jackson\core\jackson-core\2.8.2\jackson-core-2.8.2.jar;C:\Users\Chris\.m2\repository\io\springfox\springfox-swagger2\2.9.2\springfox-swagger2-2.9.2.jar;C:\Users\Chris\.m2\repository\io\swagger\swagger-annotations\1.5.20\swagger-annotations-1.5.20.jar;C:\Users\Chris\.m2\repository\io\swagger\swagger-models\1.5.20\swagger-models-1.5.20.jar;C:\Users\Chris\.m2\repository\io\springfox\springfox-spi\2.9.2\springfox-spi-2.9.2.jar;C:\Users\Chris\.m2\repository\io\springfox\springfox-core\2.9.2\springfox-core-2.9.2.jar;C:\Users\Chris\.m2\repository\net\bytebuddy\byte-buddy\1.8.12\byte-buddy-1.8.12.jar;C:\Users\Chris\.m2\repository\io\springfox\springfox-schema\2.9.2\springfox-schema-2.9.2.jar;C:\Users\Chris\.m2\repository\io\springfox\springfox-swagger-common\2.9.2\springfox-swagger-common-2.9.2.jar;C:\Users\Chris\.m2\repository\io\springfox\springfox-spring-web\2.9.2\springfox-spring-web-2.9.2.jar;C:\Users\Chris\.m2\repository\com\google\guava\guava\20.0\guava-20.0.jar;C:\Users\Chris\.m2\repository\com\fasterxml\classmate\1.4.0\classmate-1.4.0.jar;C:\Users\Chris\.m2\repository\org\slf4j\slf4j-api\1.7.25\slf4j-api-1.7.25.jar;C:\Users\Chris\.m2\repository\org\springframework\plugin\spring-plugin-core\1.2.0.RELEASE\spring-plugin-core-1.2.0.RELEASE.jar;C:\Users\Chris\.m2\repository\org\springframework\spring-beans\4.0.9.RELEASE\spring-beans-4.0.9.RELEASE.jar;C:\Users\Chris\.m2\repository\org\springframework\spring-core\4.0.9.RELEASE\spring-core-4.0.9.RELEASE.jar;C:\Users\Chris\.m2\repository\org\springframework\spring-context\4.0.9.RELEASE\spring-context-4.0.9.RELEASE.jar;C:\Users\Chris\.m2\repository\org\springframework\spring-expression\4.0.9.RELEASE\spring-expression-4.0.9.RELEASE.jar;C:\Users\Chris\.m2\repository\org\springframework\spring-aop\4.0.9.RELEASE\spring-aop-4.0.9.RELEASE.jar;C:\Users\Chris\.m2\repository\aopalliance\aopalliance\1.0\aopalliance-1.0.jar;C:\Users\Chris\.m2\repository\org\springframework\plugin\spring-plugin-metadata\1.2.0.RELEASE\spring-plugin-metadata-1.2.0.RELEASE.jar;C:\Users\Chris\.m2\repository\org\mapstruct\mapstruct\1.2.0.Final\mapstruct-1.2.0.Final.jar;C:\Users\Chris\.m2\repository\io\springfox\springfox-swagger-ui\2.9.2\springfox-swagger-ui-2.9.2.jar;"/>
    <property name="sun.cpu.endian" value="little"/>
    <property name="user.home" value="C:\Users\Chris"/>
    <property name="user.language" value="pt"/>
    <property name="java.specification.vendor" value="Oracle Corporation"/>
    <property name="java.version.date" value="2024-01-16"/>
    <property name="java.home" value="C:\Program Files\Java\jdk-21"/>
    <property name="file.separator" value="\"/>
    <property name="basedir" value="C:\Users\Chris\Documents\estudosProjetos\DesafioControleFluxo"/>
    <property name="java.vm.compressedOopsMode" value="Zero based"/>
    <property name="line.separator" value="&#10;"/>
    <property name="java.vm.specification.vendor" value="Oracle Corporation"/>
    <property name="java.specification.name" value="Java Platform API Specification"/>
    <property name="surefire.real.class.path" value="C:\Users\Chris\AppData\Local\Temp\surefire8583335711831987935\surefirebooter-20240514165937937_3.jar"/>
    <property name="user.script" value=""/>
    <property name="sun.management.compiler" value="HotSpot 64-Bit Tiered Compilers"/>
    <property name="java.runtime.version" value="21.0.2+13-LTS-58"/>
    <property name="user.name" value="Chris"/>
    <property name="stdout.encoding" value="Cp1252"/>
    <property name="path.separator" value=";"/>
    <property name="os.version" value="10.0"/>
    <property name="java.runtime.name" value="Java(TM) SE Runtime Environment"/>
    <property name="file.encoding" value="UTF-8"/>
    <property name="java.vm.name" value="Java HotSpot(TM) 64-Bit Server VM"/>
    <property name="maven.ext.class.path" value="C:\Users\Chris\.vscode\extensions\oracle.oracle-java-22.0.0\nbcode\java\maven-nblib\netbeans-eventspy.jar"/>
    <property name="localRepository" value="C:\Users\Chris\.m2\repository"/>
    <property name="java.vendor.url.bug" value="https://bugreport.java.com/bugreport/"/>
    <property name="java.io.tmpdir" value="C:\Users\Chris\AppData\Local\Temp\"/>
    <property name="java.version" value="21.0.2"/>
    <property name="user.dir" value="C:\Users\Chris\Documents\estudosProjetos\DesafioControleFluxo"/>
    <property name="os.arch" value="amd64"/>
    <property name="java.vm.specification.name" value="Java Virtual Machine Specification"/>
    <property name="sun.os.patch.level" value=""/>
    <property name="native.encoding" value="Cp1252"/>
    <property name="java.library.path" value="C:\Program Files\Java\jdk-21\bin;C:\Windows\Sun\Java\bin;C:\Windows\system32;C:\Windows;C:\Program Files\Eclipse Adoptium\jdk-21.0.3.9-hotspot\bin;C:\Program Files\Common Files\Oracle\Java\javapath;C:\Windows\system32;C:\Windows;C:\Windows\System32\Wbem;C:\Windows\System32\WindowsPowerShell\v1.0\;C:\Windows\System32\OpenSSH\;C:\Program Files\Git\cmd;C:\Program Files\Java\apache-maven-3.9.6\bin;C:\Program Files\MySQL\MySQL Shell 8.0\bin\;C:\Users\Chris\AppData\Local\Microsoft\WindowsApps;C:\Program Files (x86)\Common Files\Oracle\Java\javapath\java.exe;C:\Users\Chris\AppData\Local\Programs\MicrosoftVSCode\bin;C:\Program Files\Java\apache-maven-3.9.6\bin;;."/>
    <property name="java.vm.info" value="mixed mode, sharing"/>
    <property name="stderr.encoding" value="Cp1252"/>
    <property name="java.vendor" value="Oracle Corporation"/>
    <property name="java.vm.version" value="21.0.2+13-LTS-58"/>
    <property name="sun.io.unicode.encoding" value="UnicodeLittle"/>
    <property name="java.class.version" value="65.0"/>
  </properties>
  <testcase name="testParametrosNaoNumeros" classname="ContadorTest" time="0.027">
    <system-out><![CDATA[Exceção de formato inválido capturada: For input string: "abc"
]]></system-out>
  </testcase>
  <testcase name="testParametrosValidos" classname="ContadorTest" time="0.009">
    <system-out><![CDATA[Imprimindo o número 1
Imprimindo o número 2
Imprimindo o número 3
Imprimindo o número 4
Imprimindo o número 5
Imprimindo o número 6
Imprimindo o número 7
Imprimindo o número 8
Imprimindo o número 9
Imprimindo o número 10
Imprimindo o número 11
Imprimindo o número 12
Imprimindo o número 13
Imprimindo o número 14
Imprimindo o número 15
Imprimindo o número 16
Imprimindo o número 17
Imprimindo o número 18
]]></system-out>
  </testcase>
  <testcase name="testPrimeiroParametroMaiorQueSegundo" classname="ContadorTest" time="0.004">
    <system-out><![CDATA[Exceção capturada: O segundo parâmetro deve ser maior que o primeiro
]]></system-out>
  </testcase>
</testsuite>